#
# There is insufficient memory for the Java Runtime Environment to continue.
# Native memory allocation (mmap) failed to map 132120576 bytes for Failed to commit area from 0x0000000083200000 to 0x000000008b000000 of length 132120576.
# Possible reasons:
#   The system is out of physical RAM or swap space
#   The process is running with CompressedOops enabled, and the Java Heap may be blocking the growth of the native heap
# Possible solutions:
#   Reduce memory load on the system
#   Increase physical memory or swap space
#   Check if swap backing store is full
#   Decrease Java heap size (-Xmx/-Xms)
#   Decrease number of Java threads
#   Decrease Java thread stack sizes (-Xss)
#   Set larger code cache with -XX:ReservedCodeCacheSize=
# This output file may be truncated or incomplete.
#
#  Out of Memory Error (src/hotspot/os/windows/os_windows.cpp:3624), pid=9192, tid=3736
#
# JRE version:  (11.0.14.1+1) (build )
# Java VM: Dynamic Code Evolution 64-Bit Server VM (11.0.14.1+1-b2043.45, mixed mode, sharing, tiered, compressed oops, g1 gc, windows-amd64)
# No core dump will be written. Minidumps are not enabled by default on client versions of Windows
#

---------------  S U M M A R Y ------------

Command Line: git4idea.http.GitAskPassApp Username for 'https://github.com': 

Host: Intel(R) Core(TM) i5-10300H CPU @ 2.50GHz, 8 cores, 7G,  Windows 11 , 64 bit Build 22000 (10.0.22000.708)
Time: Mon Aug 15 16:28:10 2022 RTZ 2 (зима) elapsed time: 0.125434 seconds (0d 0h 0m 0s)

---------------  T H R E A D  ---------------

Current thread (0x00000160a6186800):  JavaThread "Unknown thread" [_thread_in_vm, id=3736, stack(0x00000025ade00000,0x00000025adf00000)]

Stack: [0x00000025ade00000,0x00000025adf00000]
Native frames: (J=compiled Java code, j=interpreted, Vv=VM code, C=native code)
V  [jvm.dll+0x621b3a]
V  [jvm.dll+0x7a8cf0]
V  [jvm.dll+0x7aa30d]
V  [jvm.dll+0x7aa9e3]
V  [jvm.dll+0x2512c8]
V  [jvm.dll+0x61eb84]
V  [jvm.dll+0x613895]
V  [jvm.dll+0x310a2b]
V  [jvm.dll+0x31099a]
V  [jvm.dll+0x310872]
V  [jvm.dll+0x3157d6]
V  [jvm.dll+0x360d83]
V  [jvm.dll+0x361486]
V  [jvm.dll+0x360e83]
V  [jvm.dll+0x2ea248]
V  [jvm.dll+0x2eb3f7]
V  [jvm.dll+0x785e47]
V  [jvm.dll+0x78771c]
V  [jvm.dll+0x36e339]
V  [jvm.dll+0x76973e]
V  [jvm.dll+0x3dc913]
V  [jvm.dll+0x3deeb1]
C  [jli.dll+0x536b]
C  [ucrtbase.dll+0x26c0c]
C  [KERNEL32.DLL+0x154e0]
C  [ntdll.dll+0x485b]


---------------  P R O C E S S  ---------------

Threads class SMR info:
_java_thread_list=0x00000160a3fc97b0, length=0, elements={
}

Java Threads: ( => current thread )

Other Threads:
  0x00000160a61a1000 GCTaskThread "GC Thread#0" [stack: 0x00000025adf00000,0x00000025ae000000] [id=16972]
  0x00000160a61d3000 ConcurrentGCThread "G1 Main Marker" [stack: 0x00000025ae000000,0x00000025ae100000] [id=9660]
  0x00000160a61d5000 ConcurrentGCThread "G1 Conc#0" [stack: 0x00000025ae100000,0x00000025ae200000] [id=11240]

[error occurred during error reporting (printing all threads), id 0xc0000005, EXCEPTION_ACCESS_VIOLATION (0xc0000005) at pc=0x00007ff9c314aa97]

VM state:not at safepoint (not fully initialized)

VM Mutex/Monitor currently owned by a thread:  ([mutex/lock_event])
[0x00000160a61822b0] Heap_lock - owner thread: 0x00000160a6186800

Heap address: 0x0000000083200000, size: 1998 MB, Compressed Oops mode: Non-zero based: 0x0000000083200000
Narrow klass base: 0x0000000000000000, Narrow klass shift: 0

GC Heap History (0 events):
No events

Deoptimization events (0 events):
No events

Classes redefined (0 events):
No events

Internal exceptions (0 events):
No events

Events (1 events):
Event: 0.016 Loaded shared library C:\Program Files\JetBrains\JetBrains Rider 2022.1.1\jbr\bin\zip.dll


Dynamic libraries:
0x00007ff7b8ea0000 - 0x00007ff7b8eaa000 	C:\Program Files\JetBrains\JetBrains Rider 2022.1.1\jbr\bin\java.exe
0x00007ffa2b440000 - 0x00007ffa2b649000 	C:\WINDOWS\SYSTEM32\ntdll.dll
0x00007ffa2a4d0000 - 0x00007ffa2a58d000 	C:\WINDOWS\System32\KERNEL32.DLL
0x00007ffa28b80000 - 0x00007ffa28efd000 	C:\WINDOWS\System32\KERNELBASE.dll
0x00007ffa28f30000 - 0x00007ffa29041000 	C:\WINDOWS\System32\ucrtbase.dll
0x00007ffa13480000 - 0x00007ffa13499000 	C:\Program Files\JetBrains\JetBrains Rider 2022.1.1\jbr\bin\jli.dll
0x00007ffa051b0000 - 0x00007ffa051c6000 	C:\Program Files\JetBrains\JetBrains Rider 2022.1.1\jbr\bin\VCRUNTIME140.dll
0x00007ffa29e70000 - 0x00007ffa2a01d000 	C:\WINDOWS\System32\USER32.dll
0x00007ffa28f00000 - 0x00007ffa28f26000 	C:\WINDOWS\System32\win32u.dll
0x00007ffa2aed0000 - 0x00007ffa2aef9000 	C:\WINDOWS\System32\GDI32.dll
0x00007ffa29050000 - 0x00007ffa29168000 	C:\WINDOWS\System32\gdi32full.dll
0x00007ffa0bed0000 - 0x00007ffa0c175000 	C:\WINDOWS\WinSxS\amd64_microsoft.windows.common-controls_6595b64144ccf1df_6.0.22000.120_none_9d947278b86cc467\COMCTL32.dll
0x00007ffa29230000 - 0x00007ffa292cd000 	C:\WINDOWS\System32\msvcp_win.dll
0x00007ffa295a0000 - 0x00007ffa29643000 	C:\WINDOWS\System32\msvcrt.dll
0x00007ffa29650000 - 0x00007ffa29681000 	C:\WINDOWS\System32\IMM32.DLL
0x00007ff9ca500000 - 0x00007ff9ca5aa000 	C:\Program Files\JetBrains\JetBrains Rider 2022.1.1\jbr\bin\msvcp140.dll
0x00007ff9c2e50000 - 0x00007ff9c39da000 	C:\Program Files\JetBrains\JetBrains Rider 2022.1.1\jbr\bin\server\jvm.dll
0x00007ffa29330000 - 0x00007ffa293de000 	C:\WINDOWS\System32\ADVAPI32.dll
0x00007ffa2ae30000 - 0x00007ffa2aece000 	C:\WINDOWS\System32\sechost.dll
0x00007ffa2a030000 - 0x00007ffa2a150000 	C:\WINDOWS\System32\RPCRT4.dll
0x00007ffa2ae20000 - 0x00007ffa2ae28000 	C:\WINDOWS\System32\PSAPI.DLL
0x00007ffa1e7c0000 - 0x00007ffa1e7ca000 	C:\WINDOWS\SYSTEM32\VERSION.dll
0x00007ffa1e8b0000 - 0x00007ffa1e8e3000 	C:\WINDOWS\SYSTEM32\WINMM.dll
0x00007ffa22590000 - 0x00007ffa22599000 	C:\WINDOWS\SYSTEM32\WSOCK32.dll
0x00007ffa2b240000 - 0x00007ffa2b2af000 	C:\WINDOWS\System32\WS2_32.dll
0x00007ffa27ad0000 - 0x00007ffa27ae8000 	C:\WINDOWS\SYSTEM32\kernel.appcore.dll
0x00007ffa21ab0000 - 0x00007ffa21ac1000 	C:\Program Files\JetBrains\JetBrains Rider 2022.1.1\jbr\bin\verify.dll
0x00007ffa25ea0000 - 0x00007ffa260c1000 	C:\WINDOWS\SYSTEM32\DBGHELP.DLL
0x00007ffa17ca0000 - 0x00007ffa17cd1000 	C:\WINDOWS\SYSTEM32\dbgcore.DLL
0x00007ffa28b00000 - 0x00007ffa28b7f000 	C:\WINDOWS\System32\bcryptPrimitives.dll
0x00007ffa134f0000 - 0x00007ffa13519000 	C:\Program Files\JetBrains\JetBrains Rider 2022.1.1\jbr\bin\java.dll
0x00007ffa21ae0000 - 0x00007ffa21aeb000 	C:\Program Files\JetBrains\JetBrains Rider 2022.1.1\jbr\bin\jimage.dll
0x00007ffa12b00000 - 0x00007ffa12b19000 	C:\Program Files\JetBrains\JetBrains Rider 2022.1.1\jbr\bin\zip.dll

dbghelp: loaded successfully - version: 4.0.5 - missing functions: none
symbol engine: initialized successfully - sym options: 0x614 - pdb path: .;C:\Program Files\JetBrains\JetBrains Rider 2022.1.1\jbr\bin;C:\WINDOWS\SYSTEM32;C:\WINDOWS\WinSxS\amd64_microsoft.windows.common-controls_6595b64144ccf1df_6.0.22000.120_none_9d947278b86cc467;C:\Program Files\JetBrains\JetBrains Rider 2022.1.1\jbr\bin\server

VM Arguments:
java_command: git4idea.http.GitAskPassApp Username for 'https://github.com': 
java_class_path (initial): C:/Program Files/JetBrains/JetBrains Rider 2022.1.1/plugins/git4idea/lib/git4idea-rt.jar;C:/Program Files/JetBrains/JetBrains Rider 2022.1.1/lib/externalProcess-rt.jar;C:/Program Files/JetBrains/JetBrains Rider 2022.1.1/lib/app.jar;C:/Program Files/JetBrains/JetBrains Rider 2022.1.1/lib/3rd-party-rt.jar
Launcher Type: SUN_STANDARD

[Global flags]
     intx CICompilerCount                          = 4                                         {product} {ergonomic}
     uint ConcGCThreads                            = 2                                         {product} {ergonomic}
     uint G1ConcRefinementThreads                  = 8                                         {product} {ergonomic}
   size_t G1HeapRegionSize                         = 1048576                                   {product} {ergonomic}
    uintx GCDrainStackTargetSize                   = 64                                        {product} {ergonomic}
   size_t InitialHeapSize                          = 132120576                                 {product} {ergonomic}
   size_t MarkStackSize                            = 4194304                                   {product} {ergonomic}
   size_t MaxHeapSize                              = 2095054848                                {product} {ergonomic}
   size_t MinHeapDeltaBytes                        = 1048576                                   {product} {ergonomic}
    uintx NonNMethodCodeHeapSize                   = 5836300                                {pd product} {ergonomic}
    uintx NonProfiledCodeHeapSize                  = 122910970                              {pd product} {ergonomic}
    uintx ProfiledCodeHeapSize                     = 122910970                              {pd product} {ergonomic}
    uintx ReservedCodeCacheSize                    = 251658240                              {pd product} {ergonomic}
     bool SegmentedCodeCache                       = true                                      {product} {ergonomic}
     bool UseCompressedClassPointers               = true                                 {lp64_product} {ergonomic}
     bool UseCompressedOops                        = true                                 {lp64_product} {ergonomic}
     bool UseG1GC                                  = true                                      {product} {ergonomic}
     bool UseLargePagesIndividualAllocation        = false                                  {pd product} {ergonomic}

Logging:
Log output configuration:
 #0: stdout all=warning uptime,level,tags
 #1: stderr all=off uptime,level,tags

Environment Variables:
PATH=C:\Program Files\Git\mingw64\libexec\git-core;C:\Program Files\Git\mingw64\libexec\git-core;C:\Program Files\Git\mingw64\bin;C:\Program Files\Git\usr\bin;C:\Users\Serejka\bin;C:\Program Files (x86)\Common Files\Oracle\Java\javapath;C:\ProgramData\Oracle\Java\javapath;C:\WINDOWS\system32;C:\WINDOWS;C:\WINDOWS\System32\Wbem;C:\WINDOWS\System32\WindowsPowerShell\v1.0;C:\WINDOWS\System32\OpenSSH;C:\Program Files (x86)\NVIDIA Corporation\PhysX\Common;C:\Program Files\NVIDIA Corporation\NVIDIA NvDLISR;C:\Program Files\dotnet;C:\Program Files\Microsoft SQL Server\150\Tools\Binn;C:\WINDOWS\system32;C:\WINDOWS;C:\WINDOWS\System32\Wbem;C:\WINDOWS\System32\WindowsPowerShell\v1.0;C:\WINDOWS\System32\OpenSSH;C:\Program Files\PowerShell\7-preview\preview;C:\Program Files\Git\cmd;C:\Users\Serejka\AppData\Local\Microsoft\WindowsApps;C:\Users\Serejka\.dotnet\tools
USERNAME=Serejka
DISPLAY=:0.0
LC_ALL=en_US.UTF-8
OS=Windows_NT
PROCESSOR_IDENTIFIER=Intel64 Family 6 Model 165 Stepping 2, GenuineIntel



---------------  S Y S T E M  ---------------

OS: Windows 11 , 64 bit Build 22000 (10.0.22000.708)
OS uptime: 0 days 18:04 hours
Hyper-V role detected

CPU:total 8 (initial active 8) (4 cores per cpu, 2 threads per core) family 6 model 165 stepping 2 microcode 0xf0, cmov, cx8, fxsr, mmx, sse, sse2, sse3, ssse3, sse4.1, sse4.2, popcnt, avx, avx2, aes, clmul, erms, 3dnowpref, lzcnt, ht, tsc, tscinvbit, bmi1, bmi2, adx, fma

Memory: 4k page, system-wide physical 7985M (412M free)
TotalPageFile size 32561M (AvailPageFile size 90M)
current process WorkingSet (physical memory assigned to process): 10M, peak: 10M
current process commit charge ("private bytes"): 60M, peak: 185M

vm_info: Dynamic Code Evolution 64-Bit Server VM (11.0.14.1+1-b2043.45) for windows-amd64 JRE (11.0.14.1+1-b2043.45), built on Apr 25 2022 05:48:55 by "" with MS VC++ 14.0 (VS2015)

END.
